<?xml version="1.0" encoding="UTF-8"?>
<!-- Generated by org.testng.reporters.JUnitReportReporter -->
<testsuite hostname="LAPTOP-10SIPNVG" failures="0" tests="1" name="RunCukesTest" time="21.595" errors="0" timestamp="2022-02-07T04:16:12 COT" skipped="0">
  <testcase classname="RunCukesTest" name="feature" time="21.595"/>
</testsuite> <!-- RunCukesTest -->
