<?xml version="1.0" encoding="UTF-8"?>
<!-- Generated by org.testng.reporters.JUnitReportReporter -->
<testsuite hostname="LAPTOP-10SIPNVG" failures="0" tests="1" name="RunCukesTest" time="11.621" errors="0" timestamp="2022-02-07T03:12:10 COT" skipped="0">
  <testcase classname="RunCukesTest" name="feature" time="11.621"/>
</testsuite> <!-- RunCukesTest -->
